This is pdfTeX, Version 3.141592653-2.6-1.40.27 (MiKTeX 25.4) (preloaded format=pdflatex 2025.5.9)  14 JUN 2025 06:31
entering extended mode
 restricted \write18 enabled.
 %&-line parsing enabled.
**./Thesis.tex
(Thesis.tex
LaTeX2e <2024-11-01> patch level 2
L3 programming layer <2025-04-14>
(uhthesis.cls
Document Class: uhthesis 2011/04/12 0.1 uhthesis
(C:\Users\Massy\AppData\Local\Programs\MiKTeX\tex/latex/base\inputenc.sty
Package: inputenc 2024/02/08 v1.3d Input encoding file
\inpenc@prehook=\toks17
\inpenc@posthook=\toks18
)
(C:\Users\Massy\AppData\Local\Programs\MiKTeX\tex/latex/base\book.cls
Document Class: book 2024/06/29 v1.4n Standard LaTeX document class
(C:\Users\Massy\AppData\Local\Programs\MiKTeX\tex/latex/base\bk12.clo
File: bk12.clo 2024/06/29 v1.4n Standard LaTeX file (size option)
)
\c@part=\count272
\c@chapter=\count273
\c@section=\count274
\c@subsection=\count275
\c@subsubsection=\count276
\c@paragraph=\count277
\c@subparagraph=\count278
\c@figure=\count279
\c@table=\count280
\abovecaptionskip=\skip49
\belowcaptionskip=\skip50
\bibindent=\dimen146
)
(C:\Users\Massy\AppData\Local\Programs\MiKTeX\tex/latex/psnfss\mathptmx.sty
Package: mathptmx 2020/03/25 PSNFSS-v9.3 Times w/ Math, improved (SPQR, WaS) 
LaTeX Font Info:    Redeclaring symbol font `operators' on input line 28.
LaTeX Font Info:    Overwriting symbol font `operators' in version `normal'
(Font)                  OT1/cmr/m/n --> OT1/ztmcm/m/n on input line 28.
LaTeX Font Info:    Overwriting symbol font `operators' in version `bold'
(Font)                  OT1/cmr/bx/n --> OT1/ztmcm/m/n on input line 28.
LaTeX Font Info:    Redeclaring symbol font `letters' on input line 29.
LaTeX Font Info:    Overwriting symbol font `letters' in version `normal'
(Font)                  OML/cmm/m/it --> OML/ztmcm/m/it on input line 29.
LaTeX Font Info:    Overwriting symbol font `letters' in version `bold'
(Font)                  OML/cmm/b/it --> OML/ztmcm/m/it on input line 29.
LaTeX Font Info:    Redeclaring symbol font `symbols' on input line 30.
LaTeX Font Info:    Overwriting symbol font `symbols' in version `normal'
(Font)                  OMS/cmsy/m/n --> OMS/ztmcm/m/n on input line 30.
LaTeX Font Info:    Overwriting symbol font `symbols' in version `bold'
(Font)                  OMS/cmsy/b/n --> OMS/ztmcm/m/n on input line 30.
LaTeX Font Info:    Redeclaring symbol font `largesymbols' on input line 31.
LaTeX Font Info:    Overwriting symbol font `largesymbols' in version `normal'
(Font)                  OMX/cmex/m/n --> OMX/ztmcm/m/n on input line 31.
LaTeX Font Info:    Overwriting symbol font `largesymbols' in version `bold'
(Font)                  OMX/cmex/m/n --> OMX/ztmcm/m/n on input line 31.
\symbold=\mathgroup4
\symitalic=\mathgroup5
LaTeX Font Info:    Redeclaring math alphabet \mathbf on input line 34.
LaTeX Font Info:    Overwriting math alphabet `\mathbf' in version `normal'
(Font)                  OT1/cmr/bx/n --> OT1/ptm/bx/n on input line 34.
LaTeX Font Info:    Overwriting math alphabet `\mathbf' in version `bold'
(Font)                  OT1/cmr/bx/n --> OT1/ptm/bx/n on input line 34.
LaTeX Font Info:    Redeclaring math alphabet \mathit on input line 35.
LaTeX Font Info:    Overwriting math alphabet `\mathit' in version `normal'
(Font)                  OT1/cmr/m/it --> OT1/ptm/m/it on input line 35.
LaTeX Font Info:    Overwriting math alphabet `\mathit' in version `bold'
(Font)                  OT1/cmr/bx/it --> OT1/ptm/m/it on input line 35.
LaTeX Info: Redefining \hbar on input line 50.
)
(C:\Users\Massy\AppData\Local\Programs\MiKTeX\tex/latex/base\fontenc.sty
Package: fontenc 2021/04/29 v2.0v Standard LaTeX package
LaTeX Font Info:    Trying to load font information for T1+ptm on input line 11
6.

(C:\Users\Massy\AppData\Local\Programs\MiKTeX\tex/latex/psnfss\t1ptm.fd
File: t1ptm.fd 2001/06/04 font definitions for T1/ptm.
))
(C:\Users\Massy\AppData\Local\Programs\MiKTeX\tex/latex/lm\lmodern.sty
Package: lmodern 2015/05/01 v1.6.1 Latin Modern Fonts
LaTeX Font Info:    Overwriting symbol font `operators' in version `normal'
(Font)                  OT1/ztmcm/m/n --> OT1/lmr/m/n on input line 22.
LaTeX Font Info:    Overwriting symbol font `letters' in version `normal'
(Font)                  OML/ztmcm/m/it --> OML/lmm/m/it on input line 23.
LaTeX Font Info:    Overwriting symbol font `symbols' in version `normal'
(Font)                  OMS/ztmcm/m/n --> OMS/lmsy/m/n on input line 24.
LaTeX Font Info:    Overwriting symbol font `largesymbols' in version `normal'
(Font)                  OMX/ztmcm/m/n --> OMX/lmex/m/n on input line 25.
LaTeX Font Info:    Overwriting symbol font `operators' in version `bold'
(Font)                  OT1/ztmcm/m/n --> OT1/lmr/bx/n on input line 26.
LaTeX Font Info:    Overwriting symbol font `letters' in version `bold'
(Font)                  OML/ztmcm/m/it --> OML/lmm/b/it on input line 27.
LaTeX Font Info:    Overwriting symbol font `symbols' in version `bold'
(Font)                  OMS/ztmcm/m/n --> OMS/lmsy/b/n on input line 28.
LaTeX Font Info:    Overwriting symbol font `largesymbols' in version `bold'
(Font)                  OMX/ztmcm/m/n --> OMX/lmex/m/n on input line 29.
LaTeX Font Info:    Overwriting math alphabet `\mathbf' in version `normal'
(Font)                  OT1/ptm/bx/n --> OT1/lmr/bx/n on input line 31.
LaTeX Font Info:    Overwriting math alphabet `\mathsf' in version `normal'
(Font)                  OT1/cmss/m/n --> OT1/lmss/m/n on input line 32.
LaTeX Font Info:    Overwriting math alphabet `\mathit' in version `normal'
(Font)                  OT1/ptm/m/it --> OT1/lmr/m/it on input line 33.
LaTeX Font Info:    Overwriting math alphabet `\mathtt' in version `normal'
(Font)                  OT1/cmtt/m/n --> OT1/lmtt/m/n on input line 34.
LaTeX Font Info:    Overwriting math alphabet `\mathbf' in version `bold'
(Font)                  OT1/ptm/bx/n --> OT1/lmr/bx/n on input line 35.
LaTeX Font Info:    Overwriting math alphabet `\mathsf' in version `bold'
(Font)                  OT1/cmss/bx/n --> OT1/lmss/bx/n on input line 36.
LaTeX Font Info:    Overwriting math alphabet `\mathit' in version `bold'
(Font)                  OT1/ptm/m/it --> OT1/lmr/bx/it on input line 37.
LaTeX Font Info:    Overwriting math alphabet `\mathtt' in version `bold'
(Font)                  OT1/cmtt/m/n --> OT1/lmtt/m/n on input line 38.
)
(C:\Users\Massy\AppData\Local\Programs\MiKTeX\tex/generic/babel\babel.sty
Package: babel 2025/04/29 v25.8 The multilingual framework for pdfLaTeX, LuaLaT
eX and XeLaTeX
\babel@savecnt=\count281
\U@D=\dimen147
\l@unhyphenated=\language79

(C:\Users\Massy\AppData\Local\Programs\MiKTeX\tex/generic/babel\txtbabel.def)
\bbl@readstream=\read2
\bbl@dirlevel=\count282

*************************************
* Local config file bblopts.cfg used
*
(C:\Users\Massy\AppData\Local\Programs\MiKTeX\tex/latex/arabi\bblopts.cfg
File: bblopts.cfg 2005/09/08 v0.1 add Arabic and Farsi to "declared" options of
 babel
)
(C:\Users\Massy\AppData\Local\Programs\MiKTeX\tex/latex/babel-spanish\spanish.l
df
Language: spanish.ldf 2021/05/27 v5.0q Spanish support from the babel system

(C:\Users\Massy\AppData\Local\Programs\MiKTeX\tex/generic/babel/locale/es\babel
-spanish.tex
Package babel Info: Importing font and identification data for spanish
(babel)             from babel-es.ini. Reported on input line 11.
)
\es@quottoks=\toks19
\es@quotdepth=\count283
Package babel Info: Making " an active character on input line 570.
Package babel Info: Making . an active character on input line 675.
Package babel Info: Making < an active character on input line 722.
Package babel Info: Making > an active character on input line 722.
))
(C:\Users\Massy\AppData\Local\Programs\MiKTeX\tex/latex/nomencl\nomencl.sty
Package: nomencl 2021/11/10 v5.6 Nomenclature package

(C:\Users\Massy\AppData\Local\Programs\MiKTeX\tex/latex/xkeyval\xkeyval.sty
Package: xkeyval 2022/06/16 v2.9 package option processing (HA)

(C:\Users\Massy\AppData\Local\Programs\MiKTeX\tex/generic/xkeyval\xkeyval.tex
(C:\Users\Massy\AppData\Local\Programs\MiKTeX\tex/generic/xkeyval\xkvutils.tex
\XKV@toks=\toks20
\XKV@tempa@toks=\toks21

(C:\Users\Massy\AppData\Local\Programs\MiKTeX\tex/generic/xkeyval\keyval.tex))
\XKV@depth=\count284
File: xkeyval.tex 2014/12/03 v2.7a key=value parser (HA)
)) (C:\Users\Massy\AppData\Local\Programs\MiKTeX\tex/latex/base\ifthen.sty
Package: ifthen 2024/03/16 v1.1e Standard LaTeX ifthen package (DPC)
)
(C:\Users\Massy\AppData\Local\Programs\MiKTeX\tex/latex/koma-script\tocbasic.st
y
Package: tocbasic 2024/10/24 v3.43 KOMA-Script package (handling toc-files)

(C:\Users\Massy\AppData\Local\Programs\MiKTeX\tex/latex/koma-script\scrbase.sty
Package: scrbase 2024/10/24 v3.43 KOMA-Script package (KOMA-Script-independent 
basics and keyval usage)

(C:\Users\Massy\AppData\Local\Programs\MiKTeX\tex/latex/koma-script\scrlfile.st
y
Package: scrlfile 2024/10/24 v3.43 KOMA-Script package (file load hooks)

(C:\Users\Massy\AppData\Local\Programs\MiKTeX\tex/latex/koma-script\scrlfile-ho
ok.sty
Package: scrlfile-hook 2024/10/24 v3.43 KOMA-Script package (using LaTeX hooks)


(C:\Users\Massy\AppData\Local\Programs\MiKTeX\tex/latex/koma-script\scrlogo.sty
Package: scrlogo 2024/10/24 v3.43 KOMA-Script package (logo)
)))
Applying: [2021/05/01] Usage of raw or classic option list on input line 254.
Already applied: [0000/00/00] Usage of raw or classic option list on input line
 370.
)
\scr@dte@tocline@numberwidth=\skip51
\scr@dte@tocline@numbox=\box53
)
Package tocbasic Info: setting babel extension for `nlo' on input line 187.
Package tocbasic Info: setting babel extension for `nls' on input line 188.
\nomlabelwidth=\dimen148
\nom@tempdim=\dimen149
\nomitemsep=\skip52
)
(C:\Users\Massy\AppData\Local\Programs\MiKTeX\tex/latex/graphics\graphicx.sty
Package: graphicx 2021/09/16 v1.2d Enhanced LaTeX Graphics (DPC,SPQR)

(C:\Users\Massy\AppData\Local\Programs\MiKTeX\tex/latex/graphics\graphics.sty
Package: graphics 2024/08/06 v1.4g Standard LaTeX Graphics (DPC,SPQR)

(C:\Users\Massy\AppData\Local\Programs\MiKTeX\tex/latex/graphics\trig.sty
Package: trig 2023/12/02 v1.11 sin cos tan (DPC)
)
(C:\Users\Massy\AppData\Local\Programs\MiKTeX\tex/latex/graphics-cfg\graphics.c
fg
File: graphics.cfg 2016/06/04 v1.11 sample graphics configuration
)
Package graphics Info: Driver file: pdftex.def on input line 106.

(C:\Users\Massy\AppData\Local\Programs\MiKTeX\tex/latex/graphics-def\pdftex.def
File: pdftex.def 2024/04/13 v1.2c Graphics/color driver for pdftex
))
\Gin@req@height=\dimen150
\Gin@req@width=\dimen151
) (C:\Users\Massy\AppData\Local\Programs\MiKTeX\tex/latex/xcolor\xcolor.sty
Package: xcolor 2024/09/29 v3.02 LaTeX color extensions (UK)

(C:\Users\Massy\AppData\Local\Programs\MiKTeX\tex/latex/graphics-cfg\color.cfg
File: color.cfg 2016/01/02 v1.6 sample color configuration
)
Package xcolor Info: Driver file: pdftex.def on input line 274.
(C:\Users\Massy\AppData\Local\Programs\MiKTeX\tex/latex/graphics\mathcolor.ltx)
Package xcolor Info: Model `cmy' substituted by `cmy0' on input line 1349.
Package xcolor Info: Model `hsb' substituted by `rgb' on input line 1353.
Package xcolor Info: Model `RGB' extended on input line 1365.
Package xcolor Info: Model `HTML' substituted by `rgb' on input line 1367.
Package xcolor Info: Model `Hsb' substituted by `hsb' on input line 1368.
Package xcolor Info: Model `tHsb' substituted by `hsb' on input line 1369.
Package xcolor Info: Model `HSB' substituted by `hsb' on input line 1370.
Package xcolor Info: Model `Gray' substituted by `gray' on input line 1371.
Package xcolor Info: Model `wave' substituted by `hsb' on input line 1372.
)
(C:\Users\Massy\AppData\Local\Programs\MiKTeX\tex/latex/tocbibind\tocbibind.sty
Package: tocbibind 2010/10/13 v1.5k extra ToC listings
Package tocbibind Info: The document has chapter divisions on input line 50.

Package tocbibind Note: Using chapter style headings, unless overridden.

) (C:\Users\Massy\AppData\Local\Programs\MiKTeX\tex/latex/footmisc\footmisc.sty
Package: footmisc 2025/03/10 v7.0a a miscellany of footnote facilities

(C:\Users\Massy\AppData\Local\Programs\MiKTeX\tex/latex/footmisc\footmisc-2022-
02-14.sty
Package: footmisc 2024/12/24 v6.0g a miscellany of footnote facilities
\FN@temptoken=\toks22
\footnotemargin=\dimen152
\@outputbox@depth=\dimen153
Package footmisc Info: Declaring symbol style bringhurst on input line 699.
Package footmisc Info: Declaring symbol style chicago on input line 707.
Package footmisc Info: Declaring symbol style wiley on input line 716.
Package footmisc Info: Declaring symbol style lamport-robust on input line 727.

Package footmisc Info: Declaring symbol style lamport* on input line 747.
Package footmisc Info: Declaring symbol style lamport*-robust on input line 768
.
))
(C:\Users\Massy\AppData\Local\Programs\MiKTeX\tex/latex/csquotes\csquotes.sty
Package: csquotes 2024-04-04 v5.2o context-sensitive quotations (JAW)

(C:\Users\Massy\AppData\Local\Programs\MiKTeX\tex/latex/etoolbox\etoolbox.sty
Package: etoolbox 2025/02/11 v2.5l e-TeX tools for LaTeX (JAW)
\etb@tempcnta=\count285
)
\csq@reset=\count286
\csq@gtype=\count287
\csq@glevel=\count288
\csq@qlevel=\count289
\csq@maxlvl=\count290
\csq@tshold=\count291
\csq@ltx@everypar=\toks23

(C:\Users\Massy\AppData\Local\Programs\MiKTeX\tex/latex/csquotes\csquotes.def
File: csquotes.def 2024-04-04 v5.2o csquotes generic definitions (JAW)
)
Package csquotes Info: Trying to load configuration file 'csquotes.cfg'...
Package csquotes Info: ... configuration file loaded successfully.

(C:\Users\Massy\AppData\Local\Programs\MiKTeX\tex/latex/csquotes\csquotes.cfg
File: csquotes.cfg 
)) (C:\Users\Massy\AppData\Local\Programs\MiKTeX\tex/latex/biblatex\biblatex.st
y
Package: biblatex 2024/03/21 v3.20 programmable bibliographies (PK/MW)

(C:\Users\Massy\AppData\Local\Programs\MiKTeX\tex/generic/pdftexcmds\pdftexcmds
.sty
Package: pdftexcmds 2020-06-27 v0.33 Utility functions of pdfTeX for LuaTeX (HO
)

(C:\Users\Massy\AppData\Local\Programs\MiKTeX\tex/generic/infwarerr\infwarerr.s
ty
Package: infwarerr 2019/12/03 v1.5 Providing info/warning/error messages (HO)
) (C:\Users\Massy\AppData\Local\Programs\MiKTeX\tex/generic/iftex\iftex.sty
Package: iftex 2024/12/12 v1.0g TeX engine tests
)
(C:\Users\Massy\AppData\Local\Programs\MiKTeX\tex/generic/ltxcmds\ltxcmds.sty
Package: ltxcmds 2023-12-04 v1.26 LaTeX kernel commands for general use (HO)
)
Package pdftexcmds Info: \pdf@primitive is available.
Package pdftexcmds Info: \pdf@ifprimitive is available.
Package pdftexcmds Info: \pdfdraftmode found.
)
(C:\Users\Massy\AppData\Local\Programs\MiKTeX\tex/latex/kvoptions\kvoptions.sty
Package: kvoptions 2022-06-15 v3.15 Key value format for package options (HO)

(C:\Users\Massy\AppData\Local\Programs\MiKTeX\tex/latex/kvsetkeys\kvsetkeys.sty
Package: kvsetkeys 2022-10-05 v1.19 Key value parser (HO)
)) (C:\Users\Massy\AppData\Local\Programs\MiKTeX\tex/latex/logreq\logreq.sty
Package: logreq 2010/08/04 v1.0 xml request logger
\lrq@indent=\count292

(C:\Users\Massy\AppData\Local\Programs\MiKTeX\tex/latex/logreq\logreq.def
File: logreq.def 2010/08/04 v1.0 logreq spec v1.0
))
(C:\Users\Massy\AppData\Local\Programs\MiKTeX\tex/latex/url\url.sty
\Urlmuskip=\muskip17
Package: url 2013/09/16  ver 3.4  Verb mode for urls, etc.
)
\c@tabx@nest=\count293
\c@listtotal=\count294
\c@listcount=\count295
\c@liststart=\count296
\c@liststop=\count297
\c@citecount=\count298
\c@citetotal=\count299
\c@multicitecount=\count300
\c@multicitetotal=\count301
\c@instcount=\count302
\c@maxnames=\count303
\c@minnames=\count304
\c@maxitems=\count305
\c@minitems=\count306
\c@citecounter=\count307
\c@maxcitecounter=\count308
\c@savedcitecounter=\count309
\c@uniquelist=\count310
\c@uniquename=\count311
\c@refsection=\count312
\c@refsegment=\count313
\c@maxextratitle=\count314
\c@maxextratitleyear=\count315
\c@maxextraname=\count316
\c@maxextradate=\count317
\c@maxextraalpha=\count318
\c@abbrvpenalty=\count319
\c@highnamepenalty=\count320
\c@lownamepenalty=\count321
\c@maxparens=\count322
\c@parenlevel=\count323
\blx@tempcnta=\count324
\blx@tempcntb=\count325
\blx@tempcntc=\count326
\c@blx@maxsection=\count327
\blx@maxsegment@0=\count328
\blx@notetype=\count329
\blx@parenlevel@text=\count330
\blx@parenlevel@foot=\count331
\blx@sectionciteorder@0=\count332
\blx@sectionciteorderinternal@0=\count333
\blx@entrysetcounter=\count334
\blx@biblioinstance=\count335
\labelnumberwidth=\skip53
\labelalphawidth=\skip54
\biblabelsep=\skip55
\bibitemsep=\skip56
\bibnamesep=\skip57
\bibinitsep=\skip58
\bibparsep=\skip59
\bibhang=\skip60
\blx@bcfin=\read3
\blx@bcfout=\write3
\blx@langwohyphens=\language80
\c@mincomprange=\count336
\c@maxcomprange=\count337
\c@mincompwidth=\count338
Package biblatex Info: Trying to load biblatex default data model...
Package biblatex Info: ... file 'blx-dm.def' found.

(C:\Users\Massy\AppData\Local\Programs\MiKTeX\tex/latex/biblatex\blx-dm.def
File: blx-dm.def 2024/03/21 v3.20 biblatex datamodel (PK/MW)
)
Package biblatex Info: Trying to load biblatex style data model...
Package biblatex Info: ... file 'apa.dbx' found.

(C:\Users\Massy\AppData\Local\Programs\MiKTeX\tex/latex/biblatex-apa\apa.dbx
File: apa.dbx 2023/03/20 v9.17 APA biblatex style data model
)
Package biblatex Info: Trying to load biblatex custom data model...
Package biblatex Info: ... file 'biblatex-dm.cfg' not found.
\c@afterword=\count339
\c@savedafterword=\count340
\c@annotator=\count341
\c@savedannotator=\count342
\c@author=\count343
\c@savedauthor=\count344
\c@bookauthor=\count345
\c@savedbookauthor=\count346
\c@commentator=\count347
\c@savedcommentator=\count348
\c@editor=\count349
\c@savededitor=\count350
\c@editora=\count351
\c@savededitora=\count352
\c@editorb=\count353
\c@savededitorb=\count354
\c@editorc=\count355
\c@savededitorc=\count356
\c@foreword=\count357
\c@savedforeword=\count358
\c@holder=\count359
\c@savedholder=\count360
\c@introduction=\count361
\c@savedintroduction=\count362
\c@namea=\count363
\c@savednamea=\count364
\c@nameb=\count365
\c@savednameb=\count366
\c@namec=\count367
\c@savednamec=\count368
\c@translator=\count369
\c@savedtranslator=\count370
\c@shortauthor=\count371
\c@savedshortauthor=\count372
\c@shorteditor=\count373
\c@savedshorteditor=\count374
\c@narrator=\count375
\c@savednarrator=\count376
\c@execproducer=\count377
\c@savedexecproducer=\count378
\c@execdirector=\count379
\c@savedexecdirector=\count380
\c@with=\count381
\c@savedwith=\count382
\c@labelname=\count383
\c@savedlabelname=\count384
\c@institution=\count385
\c@savedinstitution=\count386
\c@lista=\count387
\c@savedlista=\count388
\c@listb=\count389
\c@savedlistb=\count390
\c@listc=\count391
\c@savedlistc=\count392
\c@listd=\count393
\c@savedlistd=\count394
\c@liste=\count395
\c@savedliste=\count396
\c@listf=\count397
\c@savedlistf=\count398
\c@location=\count399
\c@savedlocation=\count400
\c@organization=\count401
\c@savedorganization=\count402
\c@origlocation=\count403
\c@savedoriglocation=\count404
\c@origpublisher=\count405
\c@savedorigpublisher=\count406
\c@publisher=\count407
\c@savedpublisher=\count408
\c@language=\count409
\c@savedlanguage=\count410
\c@origlanguage=\count411
\c@savedoriglanguage=\count412
\c@citation=\count413
\c@savedcitation=\count414
\c@pageref=\count415
\c@savedpageref=\count416
\shorthandwidth=\skip61
\shortjournalwidth=\skip62
\shortserieswidth=\skip63
\shorttitlewidth=\skip64
\shortauthorwidth=\skip65
\shorteditorwidth=\skip66
\locallabelnumberwidth=\skip67
\locallabelalphawidth=\skip68
\localshorthandwidth=\skip69
\localshortjournalwidth=\skip70
\localshortserieswidth=\skip71
\localshorttitlewidth=\skip72
\localshortauthorwidth=\skip73
\localshorteditorwidth=\skip74
Package biblatex Info: Trying to load compatibility code...
Package biblatex Info: ... file 'blx-compat.def' found.

(C:\Users\Massy\AppData\Local\Programs\MiKTeX\tex/latex/biblatex\blx-compat.def
File: blx-compat.def 2024/03/21 v3.20 biblatex compatibility (PK/MW)
)
Package biblatex Info: Trying to load generic definitions...
Package biblatex Info: ... file 'biblatex.def' found.
 (C:\Users\Massy\AppData\Local\Programs\MiKTeX\tex/latex/biblatex\biblatex.def
File: biblatex.def 2024/03/21 v3.20 biblatex compatibility (PK/MW)
\c@textcitecount=\count417
\c@textcitetotal=\count418
\c@textcitemaxnames=\count419
\c@biburlbigbreakpenalty=\count420
\c@biburlbreakpenalty=\count421
\c@biburlnumpenalty=\count422
\c@biburlucpenalty=\count423
\c@biburllcpenalty=\count424
\biburlbigskip=\muskip18
\biburlnumskip=\muskip19
\biburlucskip=\muskip20
\biburllcskip=\muskip21
\c@smartand=\count425
)
Package biblatex Info: Trying to load bibliography style 'apa'...
Package biblatex Info: ... file 'apa.bbx' found.
 (C:\Users\Massy\AppData\Local\Programs\MiKTeX\tex/latex/biblatex-apa\apa.bbx
File: apa.bbx 2023/03/20 v9.17 APA biblatex references style
Package biblatex Info: Trying to load bibliography style 'standard'...
Package biblatex Info: ... file 'standard.bbx' found.

(C:\Users\Massy\AppData\Local\Programs\MiKTeX\tex/latex/biblatex/bbx\standard.b
bx
File: standard.bbx 2024/03/21 v3.20 biblatex bibliography style (PK/MW)
\c@bbx:relatedcount=\count426
\c@bbx:relatedtotal=\count427
)
Package biblatex Info: Delimiter 'nameyeardelim' in context 'bib' already defin
ed, overwriting.
Package biblatex Info: Delimiter 'nameyeardelim' in context 'biblist' already d
efined, overwriting.
Package biblatex Info: Delimiter 'nonameyeardelim' in context 'bib' already def
ined, overwriting.
Package biblatex Info: Delimiter 'nonameyeardelim' in context 'biblist' already
 defined, overwriting.
)
Package biblatex Info: Trying to load citation style 'authoryear'...
Package biblatex Info: ... file 'authoryear.cbx' found.

(C:\Users\Massy\AppData\Local\Programs\MiKTeX\tex/latex/biblatex/cbx\authoryear
.cbx
File: authoryear.cbx 2024/03/21 v3.20 biblatex citation style (PK/MW)
Package biblatex Info: Redefining '\cite'.
Package biblatex Info: Redefining '\parencite'.
Package biblatex Info: Redefining '\footcite'.
Package biblatex Info: Redefining '\footcitetext'.
Package biblatex Info: Redefining '\smartcite'.
Package biblatex Info: Redefining '\textcite'.
Package biblatex Info: Redefining '\textcites'.
)
Package biblatex Info: Trying to load configuration file...
Package biblatex Info: ... file 'biblatex.cfg' found.

(C:\Users\Massy\AppData\Local\Programs\MiKTeX\tex/latex/biblatex\biblatex.cfg
File: biblatex.cfg 
)
Package biblatex Info: Input encoding 'utf8' detected.
Package biblatex Info: Document encoding is UTF8 ....

(C:\Users\Massy\AppData\Local\Programs\MiKTeX\tex/latex/l3kernel\expl3.sty
Package: expl3 2025-04-14 L3 programming layer (loader) 

(C:\Users\Massy\AppData\Local\Programs\MiKTeX\tex/latex/l3backend\l3backend-pdf
tex.def
File: l3backend-pdftex.def 2025-04-14 L3 backend support: PDF output (pdfTeX)
\l__color_backend_stack_int=\count428
))
Package biblatex Info: ... and expl3
(biblatex)             2025-04-14 L3 programming layer (loader) 
(biblatex)             is new enough (at least 2020/04/06),
(biblatex)             setting 'casechanger=expl3'.

(C:\Users\Massy\AppData\Local\Programs\MiKTeX\tex/latex/biblatex\blx-case-expl3
.sty
(C:\Users\Massy\AppData\Local\Programs\MiKTeX\tex/latex/l3packages/xparse\xpars
e.sty
Package: xparse 2024-08-16 L3 Experimental document command parser
)
Package: blx-case-expl3 2024/03/21 v3.20 expl3 case changing code for biblatex
))
(C:\Users\Massy\AppData\Local\Programs\MiKTeX\tex/latex/hyperref\hyperref.sty
Package: hyperref 2024-11-05 v7.01l Hypertext links for LaTeX

(C:\Users\Massy\AppData\Local\Programs\MiKTeX\tex/generic/kvdefinekeys\kvdefine
keys.sty
Package: kvdefinekeys 2019-12-19 v1.6 Define keys (HO)
)
(C:\Users\Massy\AppData\Local\Programs\MiKTeX\tex/generic/pdfescape\pdfescape.s
ty
Package: pdfescape 2019/12/09 v1.15 Implements pdfTeX's escape features (HO)
) (C:\Users\Massy\AppData\Local\Programs\MiKTeX\tex/latex/hycolor\hycolor.sty
Package: hycolor 2020-01-27 v1.10 Color options for hyperref/bookmark (HO)
) (C:\Users\Massy\AppData\Local\Programs\MiKTeX\tex/latex/hyperref\nameref.sty
Package: nameref 2023-11-26 v2.56 Cross-referencing by name of section

(C:\Users\Massy\AppData\Local\Programs\MiKTeX\tex/latex/refcount\refcount.sty
Package: refcount 2019/12/15 v3.6 Data extraction from label references (HO)
)
(C:\Users\Massy\AppData\Local\Programs\MiKTeX\tex/generic/gettitlestring\gettit
lestring.sty
Package: gettitlestring 2019/12/15 v1.6 Cleanup title references (HO)
)
\c@section@level=\count429
)
(C:\Users\Massy\AppData\Local\Programs\MiKTeX\tex/generic/stringenc\stringenc.s
ty
Package: stringenc 2019/11/29 v1.12 Convert strings between diff. encodings (HO
)
)
\@linkdim=\dimen154
\Hy@linkcounter=\count430
\Hy@pagecounter=\count431
 (C:\Users\Massy\AppData\Local\Programs\MiKTeX\tex/latex/hyperref\pd1enc.def
File: pd1enc.def 2024-11-05 v7.01l Hyperref: PDFDocEncoding definition (HO)
Now handling font encoding PD1 ...
... no UTF-8 mapping file for font encoding PD1
) (C:\Users\Massy\AppData\Local\Programs\MiKTeX\tex/generic/intcalc\intcalc.sty
Package: intcalc 2019/12/15 v1.3 Expandable calculations with integers (HO)
)
\Hy@SavedSpaceFactor=\count432
 (C:\Users\Massy\AppData\Local\Programs\MiKTeX\tex/latex/hyperref\puenc.def
File: puenc.def 2024-11-05 v7.01l Hyperref: PDF Unicode definition (HO)
Now handling font encoding PU ...
... no UTF-8 mapping file for font encoding PU
)
Package hyperref Info: Option `linktocpage' set `true' on input line 4040.
Package hyperref Info: Option `breaklinks' set `true' on input line 4040.
Package hyperref Info: Option `colorlinks' set `true' on input line 4040.
Package hyperref Info: Hyper figures OFF on input line 4157.
Package hyperref Info: Link nesting OFF on input line 4162.
Package hyperref Info: Hyper index ON on input line 4165.
Package hyperref Info: Plain pages OFF on input line 4172.
Package hyperref Info: Backreferencing OFF on input line 4177.
Package hyperref Info: Implicit mode ON; LaTeX internals redefined.
Package hyperref Info: Bookmarks ON on input line 4424.
\c@Hy@tempcnt=\count433
LaTeX Info: Redefining \url on input line 4763.
\XeTeXLinkMargin=\dimen155

(C:\Users\Massy\AppData\Local\Programs\MiKTeX\tex/generic/bitset\bitset.sty
Package: bitset 2019/12/09 v1.3 Handle bit-vector datatype (HO)

(C:\Users\Massy\AppData\Local\Programs\MiKTeX\tex/generic/bigintcalc\bigintcalc
.sty
Package: bigintcalc 2019/12/15 v1.5 Expandable calculations on big integers (HO
)
))
\Fld@menulength=\count434
\Field@Width=\dimen156
\Fld@charsize=\dimen157
Package hyperref Info: Hyper figures OFF on input line 6042.
Package hyperref Info: Link nesting OFF on input line 6047.
Package hyperref Info: Hyper index ON on input line 6050.
Package hyperref Info: backreferencing OFF on input line 6057.
Package hyperref Info: Link coloring ON on input line 6060.
Package hyperref Info: Link coloring with OCG OFF on input line 6067.
Package hyperref Info: PDF/A mode OFF on input line 6072.

(C:\Users\Massy\AppData\Local\Programs\MiKTeX\tex/latex/base\atbegshi-ltx.sty
Package: atbegshi-ltx 2021/01/10 v1.0c Emulation of the original atbegshi
package with kernel methods
)
\Hy@abspage=\count435
\c@Item=\count436
\c@Hfootnote=\count437
)
Package hyperref Info: Driver (autodetected): hpdftex.
(C:\Users\Massy\AppData\Local\Programs\MiKTeX\tex/latex/hyperref\hpdftex.def
File: hpdftex.def 2024-11-05 v7.01l Hyperref driver for pdfTeX

(C:\Users\Massy\AppData\Local\Programs\MiKTeX\tex/latex/base\atveryend-ltx.sty
Package: atveryend-ltx 2020/08/19 v1.0a Emulation of the original atveryend pac
kage
with kernel methods
)
\Fld@listcount=\count438
\c@bookmark@seq@number=\count439

(C:\Users\Massy\AppData\Local\Programs\MiKTeX\tex/latex/rerunfilecheck\rerunfil
echeck.sty
Package: rerunfilecheck 2022-07-10 v1.10 Rerun checks for auxiliary files (HO)

(C:\Users\Massy\AppData\Local\Programs\MiKTeX\tex/generic/uniquecounter\uniquec
ounter.sty
Package: uniquecounter 2019/12/15 v1.4 Provide unlimited unique counter (HO)
)
Package uniquecounter Info: New unique counter `rerunfilecheck' on input line 2
85.
)
\Hy@SectionHShift=\skip75
)
(C:\Users\Massy\AppData\Local\Programs\MiKTeX\tex/latex/fancyhdr\fancyhdr.sty
Package: fancyhdr 2025/02/07 v5.2 Extensive control of page headers and footers

\f@nch@headwidth=\skip76
\f@nch@offset@elh=\skip77
\f@nch@offset@erh=\skip78
\f@nch@offset@olh=\skip79
\f@nch@offset@orh=\skip80
\f@nch@offset@elf=\skip81
\f@nch@offset@erf=\skip82
\f@nch@offset@olf=\skip83
\f@nch@offset@orf=\skip84
\f@nch@height=\skip85
\f@nch@footalignment=\skip86
\f@nch@widthL=\skip87
\f@nch@widthC=\skip88
\f@nch@widthR=\skip89
\@temptokenb=\toks24
)
Package biblatex Info: Redefining '\cite' on input line 77.
Package biblatex Info: Redefining '\parencite' on input line 91.
Package biblatex Info: Redefining '\footcite' on input line 105.
Package biblatex Info: Redefining '\footcitetext' on input line 112.
Package biblatex Info: Redefining '\textcite' on input line 119.
\c@theorem=\count440
\c@definition=\count441
\c@lemma=\count442
)
(C:\Users\Massy\AppData\Local\Programs\MiKTeX\tex/latex/subfigure\subfigure.sty
Package: subfigure 2002/07/30 v2.1.4 subfigure package
\subfigtopskip=\skip90
\subfigcapskip=\skip91
\subfigcaptopadj=\dimen158
\subfigbottomskip=\skip92
\subfigcapmargin=\dimen159
\subfiglabelskip=\skip93
\c@subfigure=\count443
\c@lofdepth=\count444
\c@subtable=\count445
\c@lotdepth=\count446
****************************************
* Local config file subfigure.cfg used *
****************************************

(C:\Users\Massy\AppData\Local\Programs\MiKTeX\tex/latex/subfigure\subfigure.cfg
)
\subfig@top=\skip94
\subfig@bottom=\skip95
)
(C:\Users\Massy\AppData\Local\Programs\MiKTeX\tex/latex/algorithm2e\algorithm2e
.sty
Package: algorithm2e 2017/07/18 v5.2 algorithms environments
\c@AlgoLine=\count447
\algocf@hangindent=\skip96

(C:\Users\Massy\AppData\Local\Programs\MiKTeX\tex/latex/ifoddpage\ifoddpage.sty
Package: ifoddpage 2022/10/18 v1.2 Conditionals for odd/even page detection
\c@checkoddpage=\count448
) (C:\Users\Massy\AppData\Local\Programs\MiKTeX\tex/latex/tools\xspace.sty
Package: xspace 2014/10/28 v1.13 Space after command names (DPC,MH)
)
(C:\Users\Massy\AppData\Local\Programs\MiKTeX\tex/latex/relsize\relsize.sty
Package: relsize 2013/03/29 ver 4.1
)
\skiptotal=\skip97
\skiplinenumber=\skip98
\skiprule=\skip99
\skiphlne=\skip100
\skiptext=\skip101
\skiplength=\skip102
\algomargin=\skip103
\skipalgocfslide=\skip104
\algowidth=\dimen160
\inoutsize=\dimen161
\inoutindent=\dimen162
\interspacetitleruled=\dimen163
\interspacealgoruled=\dimen164
\interspacetitleboxruled=\dimen165
\algocf@ruledwidth=\skip105
\algocf@inoutbox=\box54
\algocf@inputbox=\box55
\AlCapSkip=\skip106
\AlCapHSkip=\skip107
\algoskipindent=\skip108
\algocf@nlbox=\box56
\algocf@hangingbox=\box57
\algocf@untilbox=\box58
\algocf@skipuntil=\skip109
\algocf@capbox=\box59
\algocf@lcaptionbox=\skip110
\algoheightruledefault=\skip111
\algoheightrule=\skip112
\algotitleheightruledefault=\skip113
\algotitleheightrule=\skip114
\c@algocfline=\count449
\c@algocfproc=\count450
\c@algocf=\count451
\algocf@algoframe=\box60
\algocf@algobox=\box61
)
(C:\Users\Massy\AppData\Local\Programs\MiKTeX\tex/latex/amsmath\amsmath.sty
Package: amsmath 2024/11/05 v2.17t AMS math features
\@mathmargin=\skip115

For additional information on amsmath, use the `?' option.
(C:\Users\Massy\AppData\Local\Programs\MiKTeX\tex/latex/amsmath\amstext.sty
Package: amstext 2021/08/26 v2.01 AMS text

(C:\Users\Massy\AppData\Local\Programs\MiKTeX\tex/latex/amsmath\amsgen.sty
File: amsgen.sty 1999/11/30 v2.0 generic functions
\@emptytoks=\toks25
\ex@=\dimen166
))
(C:\Users\Massy\AppData\Local\Programs\MiKTeX\tex/latex/amsmath\amsbsy.sty
Package: amsbsy 1999/11/29 v1.2d Bold Symbols
\pmbraise@=\dimen167
)
(C:\Users\Massy\AppData\Local\Programs\MiKTeX\tex/latex/amsmath\amsopn.sty
Package: amsopn 2022/04/08 v2.04 operator names
)
\inf@bad=\count452
LaTeX Info: Redefining \frac on input line 233.
\uproot@=\count453
\leftroot@=\count454
LaTeX Info: Redefining \overline on input line 398.
LaTeX Info: Redefining \colon on input line 409.
\classnum@=\count455
\DOTSCASE@=\count456
LaTeX Info: Redefining \ldots on input line 495.
LaTeX Info: Redefining \dots on input line 498.
LaTeX Info: Redefining \cdots on input line 619.
\Mathstrutbox@=\box62
\strutbox@=\box63
LaTeX Info: Redefining \big on input line 721.
LaTeX Info: Redefining \Big on input line 722.
LaTeX Info: Redefining \bigg on input line 723.
LaTeX Info: Redefining \Bigg on input line 724.
\big@size=\dimen168
LaTeX Font Info:    Redeclaring font encoding OML on input line 742.
LaTeX Font Info:    Redeclaring font encoding OMS on input line 743.
\macc@depth=\count457
LaTeX Info: Redefining \bmod on input line 904.
LaTeX Info: Redefining \pmod on input line 909.
LaTeX Info: Redefining \smash on input line 939.
LaTeX Info: Redefining \relbar on input line 969.
LaTeX Info: Redefining \Relbar on input line 970.
\c@MaxMatrixCols=\count458
\dotsspace@=\muskip22
\c@parentequation=\count459
\dspbrk@lvl=\count460
\tag@help=\toks26
\row@=\count461
\column@=\count462
\maxfields@=\count463
\andhelp@=\toks27
\eqnshift@=\dimen169
\alignsep@=\dimen170
\tagshift@=\dimen171
\tagwidth@=\dimen172
\totwidth@=\dimen173
\lineht@=\dimen174
\@envbody=\toks28
\multlinegap=\skip116
\multlinetaggap=\skip117
\mathdisplay@stack=\toks29
LaTeX Info: Redefining \[ on input line 2953.
LaTeX Info: Redefining \] on input line 2954.
)
(C:\Users\Massy\AppData\Local\Programs\MiKTeX\tex/latex/amsfonts\amssymb.sty
Package: amssymb 2013/01/14 v3.01 AMS font symbols

(C:\Users\Massy\AppData\Local\Programs\MiKTeX\tex/latex/amsfonts\amsfonts.sty
Package: amsfonts 2013/01/14 v3.01 Basic AMSFonts support
\symAMSa=\mathgroup6
\symAMSb=\mathgroup7
LaTeX Font Info:    Overwriting math alphabet `\mathfrak' in version `bold'
(Font)                  U/euf/m/n --> U/euf/b/n on input line 106.
)) (C:\Users\Massy\AppData\Local\Programs\MiKTeX\tex/latex/caption\caption.sty
Package: caption 2023/08/05 v3.6o Customizing captions (AR)

(C:\Users\Massy\AppData\Local\Programs\MiKTeX\tex/latex/caption\caption3.sty
Package: caption3 2023/07/31 v2.4d caption3 kernel (AR)
\caption@tempdima=\dimen175
\captionmargin=\dimen176
\caption@leftmargin=\dimen177
\caption@rightmargin=\dimen178
\caption@width=\dimen179
\caption@indent=\dimen180
\caption@parindent=\dimen181
\caption@hangindent=\dimen182
Package caption Info: Standard document class detected.
)
\c@caption@flags=\count464
\c@continuedfloat=\count465
Package caption Info: hyperref package is loaded.
Package caption Info: subfigure package is loaded.
)
(C:\Users\Massy\AppData\Local\Programs\MiKTeX\tex/latex/booktabs\booktabs.sty
Package: booktabs 2020/01/12 v1.61803398 Publication quality tables
\heavyrulewidth=\dimen183
\lightrulewidth=\dimen184
\cmidrulewidth=\dimen185
\belowrulesep=\dimen186
\belowbottomsep=\dimen187
\aboverulesep=\dimen188
\abovetopsep=\dimen189
\cmidrulesep=\dimen190
\cmidrulekern=\dimen191
\defaultaddspace=\dimen192
\@cmidla=\count466
\@cmidlb=\count467
\@aboverulesep=\dimen193
\@belowrulesep=\dimen194
\@thisruleclass=\count468
\@lastruleclass=\count469
\@thisrulewidth=\dimen195
)
(C:\Users\Massy\AppData\Local\Programs\MiKTeX\tex/latex/float\float.sty
Package: float 2001/11/08 v1.3d Float enhancements (AL)
\c@float@type=\count470
\float@exts=\toks30
\float@box=\box64
\@float@everytoks=\toks31
\@floatcapt=\box65
)
(C:\Users\Massy\AppData\Local\Programs\MiKTeX\tex/latex/todonotes\todonotes.sty
Package: todonotes 2024/01/05 v1.1.7 Todonotes source and documentation.
Package: todonotes 2024/01/05

(C:\Users\Massy\AppData\Local\Programs\MiKTeX\tex/latex/pgf/frontendlayer\tikz.
sty
(C:\Users\Massy\AppData\Local\Programs\MiKTeX\tex/latex/pgf/basiclayer\pgf.sty
(C:\Users\Massy\AppData\Local\Programs\MiKTeX\tex/latex/pgf/utilities\pgfrcs.st
y
(C:\Users\Massy\AppData\Local\Programs\MiKTeX\tex/generic/pgf/utilities\pgfutil
-common.tex
\pgfutil@everybye=\toks32
\pgfutil@tempdima=\dimen196
\pgfutil@tempdimb=\dimen197
)
(C:\Users\Massy\AppData\Local\Programs\MiKTeX\tex/generic/pgf/utilities\pgfutil
-latex.def
\pgfutil@abb=\box66
)
(C:\Users\Massy\AppData\Local\Programs\MiKTeX\tex/generic/pgf/utilities\pgfrcs.
code.tex
(C:\Users\Massy\AppData\Local\Programs\MiKTeX\tex/generic/pgf\pgf.revision.tex)
Package: pgfrcs 2023-01-15 v3.1.10 (3.1.10)
))
Package: pgf 2023-01-15 v3.1.10 (3.1.10)

(C:\Users\Massy\AppData\Local\Programs\MiKTeX\tex/latex/pgf/basiclayer\pgfcore.
sty
(C:\Users\Massy\AppData\Local\Programs\MiKTeX\tex/latex/pgf/systemlayer\pgfsys.
sty
(C:\Users\Massy\AppData\Local\Programs\MiKTeX\tex/generic/pgf/systemlayer\pgfsy
s.code.tex
Package: pgfsys 2023-01-15 v3.1.10 (3.1.10)

(C:\Users\Massy\AppData\Local\Programs\MiKTeX\tex/generic/pgf/utilities\pgfkeys
.code.tex
\pgfkeys@pathtoks=\toks33
\pgfkeys@temptoks=\toks34

(C:\Users\Massy\AppData\Local\Programs\MiKTeX\tex/generic/pgf/utilities\pgfkeys
libraryfiltered.code.tex
\pgfkeys@tmptoks=\toks35
))
\pgf@x=\dimen198
\pgf@y=\dimen199
\pgf@xa=\dimen256
\pgf@ya=\dimen257
\pgf@xb=\dimen258
\pgf@yb=\dimen259
\pgf@xc=\dimen260
\pgf@yc=\dimen261
\pgf@xd=\dimen262
\pgf@yd=\dimen263
\w@pgf@writea=\write4
\r@pgf@reada=\read4
\c@pgf@counta=\count471
\c@pgf@countb=\count472
\c@pgf@countc=\count473
\c@pgf@countd=\count474
\t@pgf@toka=\toks36
\t@pgf@tokb=\toks37
\t@pgf@tokc=\toks38
\pgf@sys@id@count=\count475

(C:\Users\Massy\AppData\Local\Programs\MiKTeX\tex/generic/pgf/systemlayer\pgf.c
fg
File: pgf.cfg 2023-01-15 v3.1.10 (3.1.10)
)
Driver file for pgf: pgfsys-pdftex.def

(C:\Users\Massy\AppData\Local\Programs\MiKTeX\tex/generic/pgf/systemlayer\pgfsy
s-pdftex.def
File: pgfsys-pdftex.def 2023-01-15 v3.1.10 (3.1.10)

(C:\Users\Massy\AppData\Local\Programs\MiKTeX\tex/generic/pgf/systemlayer\pgfsy
s-common-pdf.def
File: pgfsys-common-pdf.def 2023-01-15 v3.1.10 (3.1.10)
)))
(C:\Users\Massy\AppData\Local\Programs\MiKTeX\tex/generic/pgf/systemlayer\pgfsy
ssoftpath.code.tex
File: pgfsyssoftpath.code.tex 2023-01-15 v3.1.10 (3.1.10)
\pgfsyssoftpath@smallbuffer@items=\count476
\pgfsyssoftpath@bigbuffer@items=\count477
)
(C:\Users\Massy\AppData\Local\Programs\MiKTeX\tex/generic/pgf/systemlayer\pgfsy
sprotocol.code.tex
File: pgfsysprotocol.code.tex 2023-01-15 v3.1.10 (3.1.10)
))
(C:\Users\Massy\AppData\Local\Programs\MiKTeX\tex/generic/pgf/basiclayer\pgfcor
e.code.tex
Package: pgfcore 2023-01-15 v3.1.10 (3.1.10)

(C:\Users\Massy\AppData\Local\Programs\MiKTeX\tex/generic/pgf/math\pgfmath.code
.tex
(C:\Users\Massy\AppData\Local\Programs\MiKTeX\tex/generic/pgf/math\pgfmathutil.
code.tex)
(C:\Users\Massy\AppData\Local\Programs\MiKTeX\tex/generic/pgf/math\pgfmathparse
r.code.tex
\pgfmath@dimen=\dimen264
\pgfmath@count=\count478
\pgfmath@box=\box67
\pgfmath@toks=\toks39
\pgfmath@stack@operand=\toks40
\pgfmath@stack@operation=\toks41
)
(C:\Users\Massy\AppData\Local\Programs\MiKTeX\tex/generic/pgf/math\pgfmathfunct
ions.code.tex)
(C:\Users\Massy\AppData\Local\Programs\MiKTeX\tex/generic/pgf/math\pgfmathfunct
ions.basic.code.tex)
(C:\Users\Massy\AppData\Local\Programs\MiKTeX\tex/generic/pgf/math\pgfmathfunct
ions.trigonometric.code.tex)
(C:\Users\Massy\AppData\Local\Programs\MiKTeX\tex/generic/pgf/math\pgfmathfunct
ions.random.code.tex)
(C:\Users\Massy\AppData\Local\Programs\MiKTeX\tex/generic/pgf/math\pgfmathfunct
ions.comparison.code.tex)
(C:\Users\Massy\AppData\Local\Programs\MiKTeX\tex/generic/pgf/math\pgfmathfunct
ions.base.code.tex)
(C:\Users\Massy\AppData\Local\Programs\MiKTeX\tex/generic/pgf/math\pgfmathfunct
ions.round.code.tex)
(C:\Users\Massy\AppData\Local\Programs\MiKTeX\tex/generic/pgf/math\pgfmathfunct
ions.misc.code.tex)
(C:\Users\Massy\AppData\Local\Programs\MiKTeX\tex/generic/pgf/math\pgfmathfunct
ions.integerarithmetics.code.tex)
(C:\Users\Massy\AppData\Local\Programs\MiKTeX\tex/generic/pgf/math\pgfmathcalc.
code.tex)
(C:\Users\Massy\AppData\Local\Programs\MiKTeX\tex/generic/pgf/math\pgfmathfloat
.code.tex
\c@pgfmathroundto@lastzeros=\count479
))
(C:\Users\Massy\AppData\Local\Programs\MiKTeX\tex/generic/pgf/math\pgfint.code.
tex)
(C:\Users\Massy\AppData\Local\Programs\MiKTeX\tex/generic/pgf/basiclayer\pgfcor
epoints.code.tex
File: pgfcorepoints.code.tex 2023-01-15 v3.1.10 (3.1.10)
\pgf@picminx=\dimen265
\pgf@picmaxx=\dimen266
\pgf@picminy=\dimen267
\pgf@picmaxy=\dimen268
\pgf@pathminx=\dimen269
\pgf@pathmaxx=\dimen270
\pgf@pathminy=\dimen271
\pgf@pathmaxy=\dimen272
\pgf@xx=\dimen273
\pgf@xy=\dimen274
\pgf@yx=\dimen275
\pgf@yy=\dimen276
\pgf@zx=\dimen277
\pgf@zy=\dimen278
)
(C:\Users\Massy\AppData\Local\Programs\MiKTeX\tex/generic/pgf/basiclayer\pgfcor
epathconstruct.code.tex
File: pgfcorepathconstruct.code.tex 2023-01-15 v3.1.10 (3.1.10)
\pgf@path@lastx=\dimen279
\pgf@path@lasty=\dimen280
)
(C:\Users\Massy\AppData\Local\Programs\MiKTeX\tex/generic/pgf/basiclayer\pgfcor
epathusage.code.tex
File: pgfcorepathusage.code.tex 2023-01-15 v3.1.10 (3.1.10)
\pgf@shorten@end@additional=\dimen281
\pgf@shorten@start@additional=\dimen282
)
(C:\Users\Massy\AppData\Local\Programs\MiKTeX\tex/generic/pgf/basiclayer\pgfcor
escopes.code.tex
File: pgfcorescopes.code.tex 2023-01-15 v3.1.10 (3.1.10)
\pgfpic=\box68
\pgf@hbox=\box69
\pgf@layerbox@main=\box70
\pgf@picture@serial@count=\count480
)
(C:\Users\Massy\AppData\Local\Programs\MiKTeX\tex/generic/pgf/basiclayer\pgfcor
egraphicstate.code.tex
File: pgfcoregraphicstate.code.tex 2023-01-15 v3.1.10 (3.1.10)
\pgflinewidth=\dimen283
)
(C:\Users\Massy\AppData\Local\Programs\MiKTeX\tex/generic/pgf/basiclayer\pgfcor
etransformations.code.tex
File: pgfcoretransformations.code.tex 2023-01-15 v3.1.10 (3.1.10)
\pgf@pt@x=\dimen284
\pgf@pt@y=\dimen285
\pgf@pt@temp=\dimen286
)
(C:\Users\Massy\AppData\Local\Programs\MiKTeX\tex/generic/pgf/basiclayer\pgfcor
equick.code.tex
File: pgfcorequick.code.tex 2023-01-15 v3.1.10 (3.1.10)
)
(C:\Users\Massy\AppData\Local\Programs\MiKTeX\tex/generic/pgf/basiclayer\pgfcor
eobjects.code.tex
File: pgfcoreobjects.code.tex 2023-01-15 v3.1.10 (3.1.10)
)
(C:\Users\Massy\AppData\Local\Programs\MiKTeX\tex/generic/pgf/basiclayer\pgfcor
epathprocessing.code.tex
File: pgfcorepathprocessing.code.tex 2023-01-15 v3.1.10 (3.1.10)
)
(C:\Users\Massy\AppData\Local\Programs\MiKTeX\tex/generic/pgf/basiclayer\pgfcor
earrows.code.tex
File: pgfcorearrows.code.tex 2023-01-15 v3.1.10 (3.1.10)
\pgfarrowsep=\dimen287
)
(C:\Users\Massy\AppData\Local\Programs\MiKTeX\tex/generic/pgf/basiclayer\pgfcor
eshade.code.tex
File: pgfcoreshade.code.tex 2023-01-15 v3.1.10 (3.1.10)
\pgf@max=\dimen288
\pgf@sys@shading@range@num=\count481
\pgf@shadingcount=\count482
)
(C:\Users\Massy\AppData\Local\Programs\MiKTeX\tex/generic/pgf/basiclayer\pgfcor
eimage.code.tex
File: pgfcoreimage.code.tex 2023-01-15 v3.1.10 (3.1.10)
)
(C:\Users\Massy\AppData\Local\Programs\MiKTeX\tex/generic/pgf/basiclayer\pgfcor
eexternal.code.tex
File: pgfcoreexternal.code.tex 2023-01-15 v3.1.10 (3.1.10)
\pgfexternal@startupbox=\box71
)
(C:\Users\Massy\AppData\Local\Programs\MiKTeX\tex/generic/pgf/basiclayer\pgfcor
elayers.code.tex
File: pgfcorelayers.code.tex 2023-01-15 v3.1.10 (3.1.10)
)
(C:\Users\Massy\AppData\Local\Programs\MiKTeX\tex/generic/pgf/basiclayer\pgfcor
etransparency.code.tex
File: pgfcoretransparency.code.tex 2023-01-15 v3.1.10 (3.1.10)
)
(C:\Users\Massy\AppData\Local\Programs\MiKTeX\tex/generic/pgf/basiclayer\pgfcor
epatterns.code.tex
File: pgfcorepatterns.code.tex 2023-01-15 v3.1.10 (3.1.10)
)
(C:\Users\Massy\AppData\Local\Programs\MiKTeX\tex/generic/pgf/basiclayer\pgfcor
erdf.code.tex
File: pgfcorerdf.code.tex 2023-01-15 v3.1.10 (3.1.10)
)))
(C:\Users\Massy\AppData\Local\Programs\MiKTeX\tex/generic/pgf/modules\pgfmodule
shapes.code.tex
File: pgfmoduleshapes.code.tex 2023-01-15 v3.1.10 (3.1.10)
\pgfnodeparttextbox=\box72
)
(C:\Users\Massy\AppData\Local\Programs\MiKTeX\tex/generic/pgf/modules\pgfmodule
plot.code.tex
File: pgfmoduleplot.code.tex 2023-01-15 v3.1.10 (3.1.10)
)
(C:\Users\Massy\AppData\Local\Programs\MiKTeX\tex/latex/pgf/compatibility\pgfco
mp-version-0-65.sty
Package: pgfcomp-version-0-65 2023-01-15 v3.1.10 (3.1.10)
\pgf@nodesepstart=\dimen289
\pgf@nodesepend=\dimen290
)
(C:\Users\Massy\AppData\Local\Programs\MiKTeX\tex/latex/pgf/compatibility\pgfco
mp-version-1-18.sty
Package: pgfcomp-version-1-18 2023-01-15 v3.1.10 (3.1.10)
))
(C:\Users\Massy\AppData\Local\Programs\MiKTeX\tex/latex/pgf/utilities\pgffor.st
y
(C:\Users\Massy\AppData\Local\Programs\MiKTeX\tex/latex/pgf/utilities\pgfkeys.s
ty
(C:\Users\Massy\AppData\Local\Programs\MiKTeX\tex/generic/pgf/utilities\pgfkeys
.code.tex))
(C:\Users\Massy\AppData\Local\Programs\MiKTeX\tex/latex/pgf/math\pgfmath.sty
(C:\Users\Massy\AppData\Local\Programs\MiKTeX\tex/generic/pgf/math\pgfmath.code
.tex))
(C:\Users\Massy\AppData\Local\Programs\MiKTeX\tex/generic/pgf/utilities\pgffor.
code.tex
Package: pgffor 2023-01-15 v3.1.10 (3.1.10)
\pgffor@iter=\dimen291
\pgffor@skip=\dimen292
\pgffor@stack=\toks42
\pgffor@toks=\toks43
))
(C:\Users\Massy\AppData\Local\Programs\MiKTeX\tex/generic/pgf/frontendlayer/tik
z\tikz.code.tex
Package: tikz 2023-01-15 v3.1.10 (3.1.10)

(C:\Users\Massy\AppData\Local\Programs\MiKTeX\tex/generic/pgf/libraries\pgflibr
aryplothandlers.code.tex
File: pgflibraryplothandlers.code.tex 2023-01-15 v3.1.10 (3.1.10)
\pgf@plot@mark@count=\count483
\pgfplotmarksize=\dimen293
)
\tikz@lastx=\dimen294
\tikz@lasty=\dimen295
\tikz@lastxsaved=\dimen296
\tikz@lastysaved=\dimen297
\tikz@lastmovetox=\dimen298
\tikz@lastmovetoy=\dimen299
\tikzleveldistance=\dimen300
\tikzsiblingdistance=\dimen301
\tikz@figbox=\box73
\tikz@figbox@bg=\box74
\tikz@tempbox=\box75
\tikz@tempbox@bg=\box76
\tikztreelevel=\count484
\tikznumberofchildren=\count485
\tikznumberofcurrentchild=\count486
\tikz@fig@count=\count487

(C:\Users\Massy\AppData\Local\Programs\MiKTeX\tex/generic/pgf/modules\pgfmodule
matrix.code.tex
File: pgfmodulematrix.code.tex 2023-01-15 v3.1.10 (3.1.10)
\pgfmatrixcurrentrow=\count488
\pgfmatrixcurrentcolumn=\count489
\pgf@matrix@numberofcolumns=\count490
)
\tikz@expandcount=\count491

(C:\Users\Massy\AppData\Local\Programs\MiKTeX\tex/generic/pgf/frontendlayer/tik
z/libraries\tikzlibrarytopaths.code.tex
File: tikzlibrarytopaths.code.tex 2023-01-15 v3.1.10 (3.1.10)
)))
(C:\Users\Massy\AppData\Local\Programs\MiKTeX\tex/generic/pgf/frontendlayer/tik
z/libraries\tikzlibrarypositioning.code.tex
File: tikzlibrarypositioning.code.tex 2023-01-15 v3.1.10 (3.1.10)
)
(C:\Users\Massy\AppData\Local\Programs\MiKTeX\tex/latex/tools\calc.sty
Package: calc 2023/07/08 v4.3 Infix arithmetic (KKT,FJ)
\calc@Acount=\count492
\calc@Bcount=\count493
\calc@Adimen=\dimen302
\calc@Bdimen=\dimen303
\calc@Askip=\skip118
\calc@Bskip=\skip119
LaTeX Info: Redefining \setlength on input line 80.
LaTeX Info: Redefining \addtolength on input line 81.
\calc@Ccount=\count494
\calc@Cskip=\skip120
)
\c@@todonotes@numberoftodonotes=\count495
)
(C:\Users\Massy\AppData\Local\Programs\MiKTeX\tex/latex/listings\listings.sty
\lst@mode=\count496
\lst@gtempboxa=\box77
\lst@token=\toks44
\lst@length=\count497
\lst@currlwidth=\dimen304
\lst@column=\count498
\lst@pos=\count499
\lst@lostspace=\dimen305
\lst@width=\dimen306
\lst@newlines=\count500
\lst@lineno=\count501
\lst@maxwidth=\dimen307

(C:\Users\Massy\AppData\Local\Programs\MiKTeX\tex/latex/listings\lstpatch.sty
File: lstpatch.sty 2024/09/23 1.10c (Carsten Heinz)
)
(C:\Users\Massy\AppData\Local\Programs\MiKTeX\tex/latex/listings\lstmisc.sty
File: lstmisc.sty 2024/09/23 1.10c (Carsten Heinz)
\c@lstnumber=\count502
\lst@skipnumbers=\count503
\lst@framebox=\box78
)
(C:\Users\Massy\AppData\Local\Programs\MiKTeX\tex/latex/listings\listings.cfg
File: listings.cfg 2024/09/23 1.10c listings configuration
))
Package: listings 2024/09/23 1.10c (Carsten Heinz)
(C:\Users\Massy\AppData\Local\Programs\MiKTeX\tex/latex/tools\multicol.sty
Package: multicol 2024/09/14 v1.9i multicolumn formatting (FMi)
\c@tracingmulticols=\count504
\mult@box=\box79
\multicol@leftmargin=\dimen308
\c@unbalance=\count505
\c@collectmore=\count506
\doublecol@number=\count507
\multicoltolerance=\count508
\multicolpretolerance=\count509
\full@width=\dimen309
\page@free=\dimen310
\premulticols=\dimen311
\postmulticols=\dimen312
\multicolsep=\skip121
\multicolbaselineskip=\skip122
\partial@page=\box80
\last@line=\box81
\mc@boxedresult=\box82
\maxbalancingoverflow=\dimen313
\mult@rightbox=\box83
\mult@grightbox=\box84
\mult@firstbox=\box85
\mult@gfirstbox=\box86
\@tempa=\box87
\@tempa=\box88
\@tempa=\box89
\@tempa=\box90
\@tempa=\box91
\@tempa=\box92
\@tempa=\box93
\@tempa=\box94
\@tempa=\box95
\@tempa=\box96
\@tempa=\box97
\@tempa=\box98
\@tempa=\box99
\@tempa=\box100
\@tempa=\box101
\@tempa=\box102
\@tempa=\box103
\@tempa=\box104
\@tempa=\box105
\@tempa=\box106
\@tempa=\box107
\@tempa=\box108
\@tempa=\box109
\@tempa=\box110
\@tempa=\box111
\@tempa=\box112
\@tempa=\box113
\@tempa=\box114
\@tempa=\box115
\@tempa=\box116
\@tempa=\box117
\@tempa=\box118
\@tempa=\box119
\@tempa=\box120
\@tempa=\box121
\@tempa=\box122
\c@minrows=\count510
\c@columnbadness=\count511
\c@finalcolumnbadness=\count512
\last@try=\dimen314
\multicolovershoot=\dimen315
\multicolundershoot=\dimen316
\mult@nat@firstbox=\box123
\colbreak@box=\box124
\mc@col@check@num=\count513
)
\@float@every@table=\toks45

(C:\Users\Massy\AppData\Local\Programs\MiKTeX\tex/latex/listings\lstlang1.sty
File: lstlang1.sty 2024/09/23 1.10c listings language file
)
\@nomenclaturefile=\write5
\openout5 = `Thesis.nlo'.

Package nomencl Info: Writing nomenclature file Thesis.nlo on input line 76.
Package csquotes Info: Checking for multilingual support...
Package csquotes Info: ... found 'babel' package.
Package csquotes Info: Adjusting default style.
Package csquotes Info: Redefining alias 'default' -> 'spanish'.
LaTeX Font Info:    Trying to load font information for T1+lmr on input line 95
.

(C:\Users\Massy\AppData\Local\Programs\MiKTeX\tex/latex/lm\t1lmr.fd
File: t1lmr.fd 2015/05/01 v1.6.1 Font defs for Latin Modern
)
(Thesis.aux
LaTeX Info: Redefining \. on input line 13.
LaTeX Info: Redefining \% on input line 13.
Package babel Info: 'spanish' activates 'spanish' shorthands.
(babel)             Reported  on input line 13.
 (FrontMatter/Dedication.aux) (FrontMatter/Thanks.aux)
(FrontMatter/SupervisorOpinion.aux) (FrontMatter/Abstract.aux)
(FrontMatter/Contents.aux) (MainMatter/Introduction.aux)
(MainMatter/Background.aux) (MainMatter/Proposal.aux)
(MainMatter/Implementation.aux) (BackMatter/Conclusions.aux)
(BackMatter/Recomendations.aux) (BackMatter/Bibliography.aux))
\openout1 = `Thesis.aux'.

LaTeX Font Info:    Checking defaults for OML/cmm/m/it on input line 95.
LaTeX Font Info:    ... okay on input line 95.
LaTeX Font Info:    Checking defaults for OMS/cmsy/m/n on input line 95.
LaTeX Font Info:    ... okay on input line 95.
LaTeX Font Info:    Checking defaults for OT1/cmr/m/n on input line 95.
LaTeX Font Info:    ... okay on input line 95.
LaTeX Font Info:    Checking defaults for T1/cmr/m/n on input line 95.
LaTeX Font Info:    ... okay on input line 95.
LaTeX Font Info:    Checking defaults for TS1/cmr/m/n on input line 95.
LaTeX Font Info:    ... okay on input line 95.
LaTeX Font Info:    Checking defaults for OMX/cmex/m/n on input line 95.
LaTeX Font Info:    ... okay on input line 95.
LaTeX Font Info:    Checking defaults for U/cmr/m/n on input line 95.
LaTeX Font Info:    ... okay on input line 95.
LaTeX Font Info:    Checking defaults for PD1/pdf/m/n on input line 95.
LaTeX Font Info:    ... okay on input line 95.
LaTeX Font Info:    Checking defaults for PU/pdf/m/n on input line 95.
LaTeX Font Info:    ... okay on input line 95.
LaTeX Info: Redefining \. on input line 95.
LaTeX Info: Redefining \% on input line 95.
Package tocbasic Info: usage of `tocbibind' detected on input line 95.

(C:\Users\Massy\AppData\Local\Programs\MiKTeX\tex/context/base/mkii\supp-pdf.mk
ii
[Loading MPS to PDF converter (version 2006.09.02).]
\scratchcounter=\count514
\scratchdimen=\dimen317
\scratchbox=\box125
\nofMPsegments=\count515
\nofMParguments=\count516
\everyMPshowfont=\toks46
\MPscratchCnt=\count517
\MPscratchDim=\dimen318
\MPnumerator=\count518
\makeMPintoPDFobject=\count519
\everyMPtoPDFconversion=\toks47
)
(C:\Users\Massy\AppData\Local\Programs\MiKTeX\tex/latex/epstopdf-pkg\epstopdf-b
ase.sty
Package: epstopdf-base 2020-01-24 v2.11 Base part for package epstopdf
Package epstopdf-base Info: Redefining graphics rule for `.eps' on input line 4
85.

(C:\Users\Massy\AppData\Local\Programs\MiKTeX\tex/latex/00miktex\epstopdf-sys.c
fg
File: epstopdf-sys.cfg 2021/03/18 v2.0 Configuration of epstopdf for MiKTeX
))
Package biblatex Info: Trying to load language 'spanish' -> 'spanish-apa'...
Package biblatex Info: ... file 'spanish-apa.lbx' found.

(C:\Users\Massy\AppData\Local\Programs\MiKTeX\tex/latex/biblatex-apa\spanish-ap
a.lbx
File: spanish-apa.lbx 2023/03/20 v9.17 APA biblatex localisation
Package biblatex Info: Trying to load language 'spanish'...
Package biblatex Info: ... file 'spanish.lbx' found.

(C:\Users\Massy\AppData\Local\Programs\MiKTeX\tex/latex/biblatex/lbx\spanish.lb
x
File: spanish.lbx 2024/03/21 v3.20 biblatex localization (PK/MW)
)
Package biblatex Info: Trying to load language 'spanish'...
Package biblatex Info: ... file 'spanish.lbx' found.

(C:\Users\Massy\AppData\Local\Programs\MiKTeX\tex/latex/biblatex/lbx\spanish.lb
x
File: spanish.lbx 2024/03/21 v3.20 biblatex localization (PK/MW)
))
Package biblatex Info: Input encoding 'utf8' detected.
Package biblatex Info: Automatic encoding selection.
(biblatex)             Assuming data encoding 'utf8'.
\openout3 = `Thesis.bcf'.

Package biblatex Info: Trying to load bibliographic data...
Package biblatex Info: ... file 'Thesis.bbl' not found.

No file Thesis.bbl.
Package biblatex Info: Reference section=0 on input line 95.
Package biblatex Info: Reference segment=0 on input line 95.
Package hyperref Info: Link coloring ON on input line 95.
(Thesis.out) (Thesis.out)
\@outlinefile=\write6
\openout6 = `Thesis.out'.

Package caption Info: Begin \AtBeginDocument code.
Package caption Info: float package is loaded.
Package caption Info: listings package is loaded.
Package caption Info: End \AtBeginDocument code.
\c@lstlisting=\count520
Package tocbasic Info: setting babel extension for `lol' on input line 95.
<Graphics/uhlogo.pdf, id=194, 375.98297pt x 481.67456pt>
File: Graphics/uhlogo.pdf Graphic file (type pdf)
<use Graphics/uhlogo.pdf>
Package pdftex.def Info: Graphics/uhlogo.pdf  used on input line 98.
(pdftex.def)             Requested size: 49.79231pt x 63.7885pt.


[1

{C:/Users/Massy/AppData/Local/MiKTeX/fonts/map/pdftex/pdftex.map}{C:/Users/Mass
y/AppData/Local/Programs/MiKTeX/fonts/enc/dvips/lm/lm-ec.enc} <./Graphics/uhlog
o.pdf>]
\openout2 = `FrontMatter/Dedication.aux'.

 (FrontMatter/Dedication.tex)

[2


]
\openout2 = `FrontMatter/Thanks.aux'.

 (FrontMatter/Thanks.tex)

[3




]
\openout2 = `FrontMatter/SupervisorOpinion.aux'.

 (FrontMatter/SupervisorOpinion.tex)

[4




]
\openout2 = `FrontMatter/Abstract.aux'.

 (FrontMatter/Abstract.tex

[5




])

[6

]
\openout2 = `FrontMatter/Contents.aux'.

 (FrontMatter/Contents.tex (Thesis.toc
LaTeX Info: Redefining \sptext on input line 1.
LaTeX Info: Redefining \. on input line 1.
LaTeX Info: Redefining \% on input line 1.
LaTeX Font Info:    Trying to load font information for OT1+lmr on input line 4
.

(C:\Users\Massy\AppData\Local\Programs\MiKTeX\tex/latex/lm\ot1lmr.fd
File: ot1lmr.fd 2015/05/01 v1.6.1 Font defs for Latin Modern
)
LaTeX Font Info:    Trying to load font information for OML+lmm on input line 4
.

(C:\Users\Massy\AppData\Local\Programs\MiKTeX\tex/latex/lm\omllmm.fd
File: omllmm.fd 2015/05/01 v1.6.1 Font defs for Latin Modern
)
LaTeX Font Info:    Trying to load font information for OMS+lmsy on input line 
4.

(C:\Users\Massy\AppData\Local\Programs\MiKTeX\tex/latex/lm\omslmsy.fd
File: omslmsy.fd 2015/05/01 v1.6.1 Font defs for Latin Modern
)
LaTeX Font Info:    Trying to load font information for OMX+lmex on input line 
4.

(C:\Users\Massy\AppData\Local\Programs\MiKTeX\tex/latex/lm\omxlmex.fd
File: omxlmex.fd 2015/05/01 v1.6.1 Font defs for Latin Modern
)
LaTeX Font Info:    External font `lmex10' loaded for size
(Font)              <12> on input line 4.
LaTeX Font Info:    External font `lmex10' loaded for size
(Font)              <9> on input line 4.
LaTeX Font Info:    External font `lmex10' loaded for size
(Font)              <7> on input line 4.
LaTeX Font Info:    Trying to load font information for OT1+ptm on input line 4
.

(C:\Users\Massy\AppData\Local\Programs\MiKTeX\tex/latex/psnfss\ot1ptm.fd
File: ot1ptm.fd 2001/06/04 font definitions for OT1/ptm.
)
LaTeX Font Info:    Font shape `OT1/ptm/bx/n' in size <12> not available
(Font)              Font shape `OT1/ptm/b/n' tried instead on input line 4.
LaTeX Font Info:    Font shape `OT1/ptm/bx/n' in size <9> not available
(Font)              Font shape `OT1/ptm/b/n' tried instead on input line 4.
LaTeX Font Info:    Font shape `OT1/ptm/bx/n' in size <7> not available
(Font)              Font shape `OT1/ptm/b/n' tried instead on input line 4.


[7




]
Overfull \hbox (2.14784pt too wide) in paragraph at lines 51--51
 [][] []\T1/lmr/m/n/12 Anlisis de pro-ble-mas re-suel-tos (SA-TIS-FIA-BLE/UN-S
A-TIS-FIA- 
 []

)
\tf@toc=\write7
\openout7 = `Thesis.toc'.



[8{C:/Users/Massy/AppData/Local/Programs/MiKTeX/fonts/enc/dvips/lm/lm-mathit.en
c}] (Thesis.lof
LaTeX Info: Redefining \sptext on input line 1.
LaTeX Info: Redefining \. on input line 1.
LaTeX Info: Redefining \% on input line 1.
)
\tf@lof=\write8
\openout8 = `Thesis.lof'.



[9

] (Thesis.lol
LaTeX Info: Redefining \sptext on input line 1.
LaTeX Info: Redefining \. on input line 1.
LaTeX Info: Redefining \% on input line 1.
)
\tf@lol=\write9
\openout9 = `Thesis.lol'.

)

[10

]
\openout2 = `MainMatter/Introduction.aux'.

 (MainMatter/Introduction.tex

[1





]

[2{C:/Users/Massy/AppData/Local/Programs/MiKTeX/fonts/enc/dvips/lm/lm-rm.enc}]

[3])

[4]
\openout2 = `MainMatter/Background.aux'.

 (MainMatter/Background.tex
Cap\'{\i }tulo 1.

LaTeX Warning: Citation 'garcia_conferencia1' on page 5 undefined on input line
 6.



[5




]

LaTeX Warning: Reference `subsection: cdcl' on page 6 undefined on input line 1
6.



[6]
LaTeX Font Info:    External font `lmex10' loaded for size
(Font)              <10> on input line 60.
LaTeX Font Info:    External font `lmex10' loaded for size
(Font)              <7.4> on input line 60.
LaTeX Font Info:    External font `lmex10' loaded for size
(Font)              <6> on input line 60.
LaTeX Font Info:    Font shape `OT1/ptm/bx/n' in size <10> not available
(Font)              Font shape `OT1/ptm/b/n' tried instead on input line 60.
LaTeX Font Info:    Font shape `OT1/ptm/bx/n' in size <7.4> not available
(Font)              Font shape `OT1/ptm/b/n' tried instead on input line 60.
LaTeX Font Info:    Font shape `OT1/ptm/bx/n' in size <6> not available
(Font)              Font shape `OT1/ptm/b/n' tried instead on input line 60.


[7{C:/Users/Massy/AppData/Local/Programs/MiKTeX/fonts/enc/dvips/lm/lm-mathsy.en
c}]

[8]
<Graphics/arboldp.png, id=356, 406.51875pt x 199.947pt>
File: Graphics/arboldp.png Graphic file (type png)
<use Graphics/arboldp.png>
Package pdftex.def Info: Graphics/arboldp.png  used on input line 125.
(pdftex.def)             Requested size: 346.89731pt x 170.62695pt.

Overfull \hbox (11.35126pt too wide) in paragraph at lines 131--131
[]\T1/lmr/bx/n/14.4 Algoritmo Da-vis^^UPutnam^^ULogemann^^ULoveland (DPLL) 
 []



[9]

[10 <./Graphics/arboldp.png>]

[11]
LaTeX Font Info:    Trying to load font information for T1+lmtt on input line 1
96.
 (C:\Users\Massy\AppData\Local\Programs\MiKTeX\tex/latex/lm\t1lmtt.fd
File: t1lmtt.fd 2015/05/01 v1.6.1 Font defs for Latin Modern
)

[12]

[13]

[14]

[15]

[16]

[17]

[18]

[19]

[20]

[21]

[22]
Overfull \hbox (3.874pt too wide) in paragraph at lines 451--451
[]\T1/lmr/bx/n/17.28 Parmetros de Eva-lua-cin pa-ra \T1/lmr/bx/it/17.28 sol-v
ers \T1/lmr/bx/n/17.28 CDCL:
 []



[23]

[24]
LaTeX Font Info:    External font `lmex10' loaded for size
(Font)              <14.4> on input line 477.
LaTeX Font Info:    External font `lmex10' loaded for size
(Font)              <10.95> on input line 477.
LaTeX Font Info:    External font `lmex10' loaded for size
(Font)              <8> on input line 477.
LaTeX Font Info:    Font shape `OT1/ptm/bx/n' in size <14.4> not available
(Font)              Font shape `OT1/ptm/b/n' tried instead on input line 477.
LaTeX Font Info:    Font shape `OT1/ptm/bx/n' in size <10.95> not available
(Font)              Font shape `OT1/ptm/b/n' tried instead on input line 477.
LaTeX Font Info:    Font shape `OT1/ptm/bx/n' in size <8> not available
(Font)              Font shape `OT1/ptm/b/n' tried instead on input line 477.


Package hyperref Warning: Token not allowed in a PDF string (Unicode):
(hyperref)                removing `math shift' on input line 477.


Package hyperref Warning: Token not allowed in a PDF string (Unicode):
(hyperref)                removing `math shift' on input line 477.



[25]

[26]
Overfull \hbox (7.71681pt too wide) in paragraph at lines 520--521
[]\T1/lmr/m/n/12 Instancias de pro-ble-mas re-la-cio-na-dos con BMC, co-mo ``ha
rdware-bmc'' y ``hardware-
 []



[27])

[28]
\openout2 = `MainMatter/Proposal.aux'.

 (MainMatter/Proposal.tex)

[29



]
\openout2 = `MainMatter/Implementation.aux'.

 (MainMatter/Implementation.tex
Cap\'{\i }tulo 2.

Package hyperref Warning: Difference (2) between bookmark levels is greater 
(hyperref)                than one, level fixed on input line 6.



[30




]
(C:\Users\Massy\AppData\Local\Programs\MiKTeX\tex/latex/listings\lstlang1.sty
File: lstlang1.sty 2024/09/23 1.10c listings language file
)
(C:\Users\Massy\AppData\Local\Programs\MiKTeX\tex/latex/listings\lstlang1.sty
File: lstlang1.sty 2024/09/23 1.10c listings language file
)
(C:\Users\Massy\AppData\Local\Programs\MiKTeX\tex/latex/listings\lstmisc.sty
File: lstmisc.sty 2024/09/23 1.10c (Carsten Heinz)
)

[31]

[32]

[33]

[34]
LaTeX Font Info:    Trying to load font information for TS1+lmr on input line 1
73.
 (C:\Users\Massy\AppData\Local\Programs\MiKTeX\tex/latex/lm\ts1lmr.fd
File: ts1lmr.fd 2015/05/01 v1.6.1 Font defs for Latin Modern
)

[35{C:/Users/Massy/AppData/Local/Programs/MiKTeX/fonts/enc/dvips/lm/lm-ts1.enc}
]

[36]

[37]
Overfull \hbox (39.13786pt too wide) in paragraph at lines 245--246
\T1/lmr/m/n/12 python: \T1/lmr/m/it/12 pan-das\T1/lmr/m/n/12 , \T1/lmr/m/it/12 
numpy\T1/lmr/m/n/12 , \T1/lmr/m/it/12 sea-born\T1/lmr/m/n/12 , \T1/lmr/m/it/12 
mat-plotlib.pyplot\T1/lmr/m/n/12 , \T1/lmr/m/it/12 stats-mo-dels.api\T1/lmr/m/n
/12 , \T1/lmr/m/it/12 va-rian-ce_inflation_factor
 []


Overfull \hbox (7.46298pt too wide) in paragraph at lines 245--246
\T1/lmr/m/n/12 y va-rian-ce_inflation_factor, am-bas de \T1/lmr/m/it/12 stats-m
o-dels.stats.outliers_influence\T1/lmr/m/n/12 , \T1/lmr/m/it/12 ols \T1/lmr/m/n
/12 de \T1/lmr/m/it/12 stats-
 []


Overfull \hbox (41.88762pt too wide) in paragraph at lines 245--246
\T1/lmr/m/it/12 mo-dels.formula.api\T1/lmr/m/n/12 , \T1/lmr/m/it/12 scipy.stats
\T1/lmr/m/n/12 , \T1/lmr/m/it/12 Lo-gis-ti-cRe-gres-sion \T1/lmr/m/n/12 de \T1/
lmr/m/it/12 sklearn.linear_model\T1/lmr/m/n/12 , y sci-kit_posthocs. 
 []



[38]

[39]

[40]
Overfull \hbox (29.77446pt too wide) in paragraph at lines 310--311
[]\T1/lmr/m/n/12 Como se pue-de apre-ciar, en-tre las va-ria-bles num_vars y va
rs_positivas y vars_negativas,
 []


Overfull \hbox (45.11923pt too wide) in paragraph at lines 310--311
\T1/lmtt/m/n/12 caracteristicas_reducidas = ['num_vars', 'densidad', 'tamanio_p
rom_clausula']\T1/lmr/m/n/12 . 
 []


Overfull \hbox (47.09503pt too wide) in paragraph at lines 324--325
[]\T1/lmtt/m/n/12 num_vars (TIMEOUT): ShapiroResult(statistic=np.float64(0.7933
191376191727),
 []


Overfull \hbox (313.47133pt too wide) in paragraph at lines 324--325
\T1/lmtt/m/n/12 pvalue=np.float64(1.1794648547679767e-18)) num_vars (NO TIMEOUT
): ShapiroResult(statistic=np.float64(0.6698142994834743),
 []


Overfull \hbox (288.77832pt too wide) in paragraph at lines 324--325
\T1/lmtt/m/n/12 pvalue=np.float64(9.428437191286474e-26)) densidad (TIMEOUT): S
hapiroResult(statistic=np.float64(0.6461253813664019),
 []


Overfull \hbox (307.34535pt too wide) in paragraph at lines 324--325
\T1/lmtt/m/n/12 pvalue=np.float64(7.820027948180053e-24)) densidad (NO TIMEOUT)
: ShapiroResult(statistic=np.float64(0.5441281055563653),
 []


Overfull \hbox (23.2812pt too wide) in paragraph at lines 324--325
\T1/lmtt/m/n/12 pvalue=np.float64(2.297890446301959e-29)) tamanio_prom_clausula
 (TIMEOUT):
 []


Overfull \hbox (165.30627pt too wide) in paragraph at lines 324--325
\T1/lmtt/m/n/12 ShapiroResult(statistic=np.float64(0.752042266567243), pvalue=n
p.float64(2.4804046463422804e-20))
 []


Overfull \hbox (128.27727pt too wide) in paragraph at lines 324--325
\T1/lmtt/m/n/12 tamanio_prom_clausula (NO TIMEOUT): ShapiroResult(statistic=np.
float64(0.8112114166434761),
 []



[41]
Overfull \hbox (10.08003pt too wide) in paragraph at lines 334--335
[]\T1/lmtt/m/n/12 Mann-Whitney U para num_vars: p-value = 1.383e-83 Mann-Whitne
y U para
 []


Overfull \hbox (10.96622pt too wide) in paragraph at lines 334--335
\T1/lmtt/m/n/12 densidad: p-value = 3.168e-29 Mann-Whitney U para tamanio_prom_
clausula:
 []


Overfull \hbox (40.95505pt too wide) in paragraph at lines 352--353
[]\T1/lmtt/m/n/12 num_vars: coeficiente logit = 0.0032 densidad: coeficiente lo
git = -0.0314
 []



[42]
Overfull \hbox (34.76604pt too wide) in paragraph at lines 370--371
[]\T1/lmtt/m/n/12 Spearman num_vars vs tiempo_segundos: rho = 0.845, p = 1.116e
-63 Spearman
 []


Overfull \hbox (97.41626pt too wide) in paragraph at lines 370--371
\T1/lmtt/m/n/12 densidad vs tiempo_segundos: rho = 0.318, p = 8.968e-07 Spearma
n tamanio_prom_clausula
 []



[43]
Overfull \hbox (65.65506pt too wide) in paragraph at lines 390--391
[] \T1/lmtt/m/n/12 Kruskal-Wallis para heurstica: VSIDS+restart Variable: num_
vars, estadstico
 []


Overfull \hbox (17.14822pt too wide) in paragraph at lines 390--391
\T1/lmtt/m/n/12 = 55.0704, p-valor = 1.738e-06 Variable: densidad, estadstico 
= 55.8711,
 []


Overfull \hbox (29.49123pt too wide) in paragraph at lines 390--391
\T1/lmtt/m/n/12 p-valor = 8.922e-05 Variable: tamanio_prom_clausula, estadstic
o = 54.8239,
 []


Overfull \hbox (10.08003pt too wide) in paragraph at lines 396--397
[] \T1/lmtt/m/n/12 Kruskal-Wallis para heurstica: VSIDS+no-restart Variable: n
um_vars,
 []


Overfull \hbox (23.31622pt too wide) in paragraph at lines 396--397
\T1/lmtt/m/n/12 estadstico = 54.7791, p-valor = 9.448e-07 Variable: densidad, 
estadstico
 []


Overfull \hbox (29.49823pt too wide) in paragraph at lines 396--397
\T1/lmtt/m/n/12 = 55.2582, p-valor = 6.482e-05 Variable: tamanio_prom_clausula,
 estadstico
 []


Overfull \hbox (59.48006pt too wide) in paragraph at lines 402--403
[] \T1/lmtt/m/n/12 Kruskal-Wallis para heurstica: DLIS+restart Variable: num_v
ars, estadstico
 []


Overfull \hbox (17.14122pt too wide) in paragraph at lines 402--403
\T1/lmtt/m/n/12 = 41.2553, p-valor = 4.441e-05 Variable: densidad, estadstico 
= 40.6674,
 []


Overfull \hbox (23.30922pt too wide) in paragraph at lines 402--403
\T1/lmtt/m/n/12 p-valor = 0.001692 Variable: tamanio_prom_clausula, estadstico
 = 42.9055,
 []


Overfull \hbox (3.90503pt too wide) in paragraph at lines 408--409
[] \T1/lmtt/m/n/12 Kruskal-Wallis para heurstica: DLIS+no-restart Variable: nu
m_vars,
 []


Overfull \hbox (23.30222pt too wide) in paragraph at lines 408--409
\T1/lmtt/m/n/12 estadstico = 46.9197, p-valor = 4.813e-06 Variable: densidad, 
estadstico
 []


Overfull \hbox (23.32323pt too wide) in paragraph at lines 408--409
\T1/lmtt/m/n/12 = 47.8132, p-valor = 9.17e-05 Variable: tamanio_prom_clausula, 
estadstico
 []



[44]
Overfull \hbox (59.48006pt too wide) in paragraph at lines 428--429
[] \T1/lmtt/m/n/12 Variable: num_vars (grupos por cuartiles con ranking) 1 2 3 
4 1 1.000000e+00
 []


Overfull \hbox (35.65222pt too wide) in paragraph at lines 428--429
\T1/lmtt/m/n/12 0.703180 0.000015 1.056421e-07 2 7.031804e-01 1.000000 0.011745
 4.209616e-04
 []


Overfull \hbox (48.00923pt too wide) in paragraph at lines 428--429
\T1/lmtt/m/n/12 3 1.466021e-05 0.011745 1.000000 1.000000e+00 4 1.056421e-07 0.
000421 1.000000
 []


Overfull \hbox (34.78004pt too wide) in paragraph at lines 436--437
[] \T1/lmtt/m/n/12 Variable: densidad (grupos por cuartiles con ranking) 1 2 3 
4 1 1.000000
 []


Overfull \hbox (29.49823pt too wide) in paragraph at lines 436--437
\T1/lmtt/m/n/12 0.000007 0.000503 0.070783 2 0.000007 1.000000 1.000000 0.10346
5 3 0.000503
 []


Overfull \hbox (10.08003pt too wide) in paragraph at lines 444--445
[] \T1/lmtt/m/n/12 Variable: tamanio_prom_clausula (grupos por cuartiles con ra
nking) 1
 []


Overfull \hbox (29.49123pt too wide) in paragraph at lines 444--445
\T1/lmtt/m/n/12 2 3 4 1 1.000000e+00 0.123377 0.040784 7.498526e-08 2 1.233771e
-01 1.000000
 []


Overfull \hbox (72.68823pt too wide) in paragraph at lines 444--445
\T1/lmtt/m/n/12 1.000000 6.133981e-03 3 4.078389e-02 1.000000 1.000000 2.285046
e-02 4 7.498526e-08
 []


Overfull \hbox (59.48006pt too wide) in paragraph at lines 455--456
[] \T1/lmtt/m/n/12 Variable: num_vars (grupos por cuartiles con ranking) 1 2 3 
4 1 1.000000e+00
 []


Overfull \hbox (35.6242pt too wide) in paragraph at lines 455--456
\T1/lmtt/m/n/12 0.937707 0.000237 2.446266e-07 2 9.377070e-01 1.000000 0.039659
 2.823215e-04
 []


Overfull \hbox (47.98122pt too wide) in paragraph at lines 455--456
\T1/lmtt/m/n/12 3 2.368724e-04 0.039659 1.000000 1.000000e+00 4 2.446266e-07 0.
000282 1.000000
 []


Overfull \hbox (34.78004pt too wide) in paragraph at lines 463--464
[] \T1/lmtt/m/n/12 Variable: densidad (grupos por cuartiles con ranking) 1 2 3 
4 1 1.000000
 []


Overfull \hbox (29.49823pt too wide) in paragraph at lines 463--464
\T1/lmtt/m/n/12 0.000001 0.000050 0.108825 2 0.000001 1.000000 1.000000 0.02746
5 3 0.000050
 []


Overfull \hbox (10.08003pt too wide) in paragraph at lines 471--472
[] \T1/lmtt/m/n/12 Variable: tamanio_prom_clausula (grupos por cuartiles con ra
nking) 1
 []


Overfull \hbox (29.47722pt too wide) in paragraph at lines 471--472
\T1/lmtt/m/n/12 2 3 4 1 1.000000e+00 0.189033 0.004745 3.629837e-08 2 1.890331e
-01 1.000000
 []


Overfull \hbox (72.70924pt too wide) in paragraph at lines 471--472
\T1/lmtt/m/n/12 1.000000 1.485490e-03 3 4.745457e-03 1.000000 1.000000 1.082227
e-01 4 3.629837e-08
 []


Overfull \hbox (59.48006pt too wide) in paragraph at lines 482--483
[] \T1/lmtt/m/n/12 Variable: num_vars (grupos por cuartiles con ranking) 1 2 3 
4 1 1.000000e+00
 []


Overfull \hbox (35.65222pt too wide) in paragraph at lines 482--483
\T1/lmtt/m/n/12 1.000000 0.004494 1.182619e-07 2 1.000000e+00 1.000000 0.058306
 1.022282e-05
 []


Overfull \hbox (47.9602pt too wide) in paragraph at lines 482--483
\T1/lmtt/m/n/12 3 4.494466e-03 0.058306 1.000000 1.668414e-01 4 1.182619e-07 0.
000010 0.166841
 []


Overfull \hbox (34.78004pt too wide) in paragraph at lines 490--491
[] \T1/lmtt/m/n/12 Variable: densidad (grupos por cuartiles con ranking) 1 2 3 
4 1 1.000000
 []


Overfull \hbox (29.48422pt too wide) in paragraph at lines 490--491
\T1/lmtt/m/n/12 0.024023 0.039453 0.005794 2 0.024023 1.000000 1.000000 1.00000
0 3 0.039453
 []



[45]
Overfull \hbox (10.08003pt too wide) in paragraph at lines 498--499
[] \T1/lmtt/m/n/12 Variable: tamanio_prom_clausula (grupos por cuartiles con ra
nking) 1
 []


Overfull \hbox (54.20525pt too wide) in paragraph at lines 498--499
\T1/lmtt/m/n/12 2 3 4 1 1.000000 0.00071 0.078823 0.000005 2 0.000710 1.00000 1
.000000 1.000000
 []


Overfull \hbox (17.14122pt too wide) in paragraph at lines 498--499
\T1/lmtt/m/n/12 3 0.078823 1.00000 1.000000 0.098370 4 0.000005 1.00000 0.09837
0 1.000000 
 []


Overfull \hbox (59.48006pt too wide) in paragraph at lines 509--510
[] \T1/lmtt/m/n/12 Variable: num_vars (grupos por cuartiles con ranking) 1 2 3 
4 1 1.000000e+00
 []


Overfull \hbox (35.63821pt too wide) in paragraph at lines 509--510
\T1/lmtt/m/n/12 0.563525 0.000105 1.981346e-08 2 5.635254e-01 1.000000 0.048111
 1.336627e-04
 []


Overfull \hbox (47.98822pt too wide) in paragraph at lines 509--510
\T1/lmtt/m/n/12 3 1.047943e-04 0.048111 1.000000 7.859709e-01 4 1.981346e-08 0.
000134 0.785971
 []


Overfull \hbox (59.48006pt too wide) in paragraph at lines 517--518
[] \T1/lmtt/m/n/12 Variable: densidad (grupos por cuartiles con ranking) 1 2 3 
4 1 1.000000e+00
 []


Overfull \hbox (35.63821pt too wide) in paragraph at lines 517--518
\T1/lmtt/m/n/12 6.856812e-07 0.001024 0.010847 2 6.856812e-07 1.000000e+00 0.89
1933 0.174521
 []


Overfull \hbox (17.13422pt too wide) in paragraph at lines 517--518
\T1/lmtt/m/n/12 3 1.023563e-03 8.919335e-01 1.000000 1.000000 4 1.084705e-02 1.
745214e-01
 []


Overfull \hbox (10.08003pt too wide) in paragraph at lines 525--526
[] \T1/lmtt/m/n/12 Variable: tamanio_prom_clausula (grupos por cuartiles con ra
nking) 1
 []


Overfull \hbox (29.46321pt too wide) in paragraph at lines 525--526
\T1/lmtt/m/n/12 2 3 4 1 1.000000e+00 0.016085 0.029254 5.334288e-09 2 1.608499e
-02 1.000000
 []


Overfull \hbox (72.68823pt too wide) in paragraph at lines 525--526
\T1/lmtt/m/n/12 1.000000 1.063184e-02 3 2.925435e-02 1.000000 1.000000 8.289626
e-03 4 5.334288e-09
 []

)

[46]
\openout2 = `BackMatter/Conclusions.aux'.

 (BackMatter/Conclusions.tex)

[47





]
\openout2 = `BackMatter/Recomendations.aux'.

 (BackMatter/Recomendations.tex)

[48





]
\openout2 = `BackMatter/Bibliography.aux'.

 (BackMatter/Bibliography.tex

LaTeX Warning: Empty bibliography on input line 1.

) (Thesis.aux
LaTeX Info: Redefining \sptext on input line 13.
LaTeX Info: Redefining \. on input line 13.
LaTeX Info: Redefining \% on input line 13.
 (FrontMatter/Dedication.aux) (FrontMatter/Thanks.aux)
(FrontMatter/SupervisorOpinion.aux) (FrontMatter/Abstract.aux)
(FrontMatter/Contents.aux) (MainMatter/Introduction.aux)
(MainMatter/Background.aux) (MainMatter/Proposal.aux)
(MainMatter/Implementation.aux) (BackMatter/Conclusions.aux)
(BackMatter/Recomendations.aux) (BackMatter/Bibliography.aux))
 ***********
LaTeX2e <2024-11-01> patch level 2
L3 programming layer <2025-04-14>
 ***********


LaTeX Warning: There were undefined references.

Package rerunfilecheck Info: File `Thesis.out' has not changed.
(rerunfilecheck)             Checksum: 43728D4F7D7DEF58C80B553F0D1D3758;10314.

Package biblatex Warning: Please (re)run Biber on the file:
(biblatex)                Thesis
(biblatex)                and rerun LaTeX afterwards.

Package logreq Info: Writing requests to 'Thesis.run.xml'.
\openout1 = `Thesis.run.xml'.

 ) 
Here is how much of TeX's memory you used:
 38219 strings out of 469941
 721643 string characters out of 5469431
 1797511 words of memory out of 5000000
 64096 multiletter control sequences out of 15000+600000
 769489 words of font info for 137 fonts, out of 8000000 for 9000
 1141 hyphenation exceptions out of 8191
 125i,12n,121p,1167b,2903s stack positions out of 10000i,1000n,20000p,200000b,200000s
<C:/Users/Massy/AppData/Local/Programs/MiKTeX/fonts/type1/public/lm/lmbx12.pf
b><C:/Users/Massy/AppData/Local/Programs/MiKTeX/fonts/type1/public/lm/lmbx9.pfb
><C:/Users/Massy/AppData/Local/Programs/MiKTeX/fonts/type1/public/lm/lmbxi10.pf
b><C:/Users/Massy/AppData/Local/Programs/MiKTeX/fonts/type1/public/lm/lmmi10.pf
b><C:/Users/Massy/AppData/Local/Programs/MiKTeX/fonts/type1/public/lm/lmmi12.pf
b><C:/Users/Massy/AppData/Local/Programs/MiKTeX/fonts/type1/public/lm/lmmi9.pfb
><C:/Users/Massy/AppData/Local/Programs/MiKTeX/fonts/type1/public/lm/lmr10.pfb>
<C:/Users/Massy/AppData/Local/Programs/MiKTeX/fonts/type1/public/lm/lmr12.pfb><
C:/Users/Massy/AppData/Local/Programs/MiKTeX/fonts/type1/public/lm/lmr17.pfb><C
:/Users/Massy/AppData/Local/Programs/MiKTeX/fonts/type1/public/lm/lmr7.pfb><C:/
Users/Massy/AppData/Local/Programs/MiKTeX/fonts/type1/public/lm/lmr9.pfb><C:/Us
ers/Massy/AppData/Local/Programs/MiKTeX/fonts/type1/public/lm/lmri12.pfb><C:/Us
ers/Massy/AppData/Local/Programs/MiKTeX/fonts/type1/public/lm/lmsy10.pfb><C:/Us
ers/Massy/AppData/Local/Programs/MiKTeX/fonts/type1/public/lm/lmsy7.pfb><C:/Use
rs/Massy/AppData/Local/Programs/MiKTeX/fonts/type1/public/lm/lmsy9.pfb><C:/User
s/Massy/AppData/Local/Programs/MiKTeX/fonts/type1/public/lm/lmtt12.pfb><C:/User
s/Massy/AppData/Local/Programs/MiKTeX/fonts/type1/public/amsfonts/symbols/msbm1
0.pfb><C:/Users/Massy/AppData/Local/Programs/MiKTeX/fonts/type1/urw/ncntrsbk/un
cb8a.pfb>
Output written on Thesis.pdf (58 pages, 642677 bytes).
PDF statistics:
 819 PDF objects out of 1000 (max. 8388607)
 248 named destinations out of 1000 (max. 500000)
 399 words of extra memory for PDF output out of 10000 (max. 10000000)

